<?xml version="1.0" encoding="UTF-8"?>
<!-- Generated by org.testng.reporters.JUnitReportReporter -->
<testsuite hostname="DESKTOP-HI8LG7N" failures="0" tests="3" name="test.PutPatchDelete" time="4.963" errors="0" timestamp="2022-10-05T12:16:46 IST" skipped="0">
  <testcase classname="test.PutPatchDelete" name="put" time="0.711"/>
  <system-out/>
  <testcase classname="test.PutPatchDelete" name="delete" time="3.214"/>
  <system-out/>
  <testcase classname="test.PutPatchDelete" name="patch" time="1.038"/>
  <system-out/>
</testsuite> <!-- test.PutPatchDelete -->
