<?xml version="1.0" encoding="UTF-8"?>
<!-- Generated by org.testng.reporters.JUnitReportReporter -->
<testsuite hostname="DESKTOP-HI8LG7N" failures="0" tests="1" name="test.Post" time="3.423" errors="0" timestamp="2022-10-05T09:54:58 IST" skipped="0">
  <testcase classname="test.Post" name="get" time="3.423"/>
  <system-out/>
</testsuite> <!-- test.Post -->
