<?xml version="1.0" encoding="UTF-8"?>
<!-- Generated by org.testng.reporters.JUnitReportReporter -->
<testsuite hostname="DESKTOP-HI8LG7N" failures="0" tests="1" name="test.testUsingAdv" time="3.430" errors="0" timestamp="2022-10-04T22:40:32 IST" skipped="0">
  <testcase classname="test.testUsingAdv" name="testJsonPath" time="3.430"/>
  <system-out/>
</testsuite> <!-- test.testUsingAdv -->
