<?xml version="1.0" encoding="UTF-8"?>
<!-- Generated by org.testng.reporters.JUnitReportReporter -->
<testsuite hostname="DESKTOP-HI8LG7N" failures="0" tests="1" name="test.Test1" time="16.418" errors="0" timestamp="2022-10-04T22:03:46 IST" skipped="0">
  <testcase classname="test.Test1" name="get" time="16.418"/>
  <system-out/>
</testsuite> <!-- test.Test1 -->
